<?xml version="1.0" encoding="UTF-8"?>
<!-- Generated by org.testng.reporters.JUnitReportReporter -->
<testsuite hostname="Sakthi" failures="0" tests="1" name="TestTrail.Runner" time="3.312" errors="0" timestamp="2024-04-20T15:47:51 IST" skipped="0">
  <testcase classname="TestTrail.Runner" name="getRequest_04_ObjectMapper" time="3.312"/>
  <system-out/>
</testsuite> <!-- TestTrail.Runner -->
